21-07-18 19:44:38.4247975 pid:14132 tid:11 sqltools Critical: 0 : Exception in IntelliCode extension for Microsoft SQL Language Server: System.Security.Cryptography.CryptographicException: The input data is not a complete block.
   at Internal.Cryptography.UniversalCryptoDecryptor.UncheckedTransformFinalBlock(Byte[] inputBuffer, Int32 inputOffset, Int32 inputCount)
   at Internal.Cryptography.UniversalCryptoTransform.TransformFinalBlock(Byte[] inputBuffer, Int32 inputOffset, Int32 inputCount)
   at System.Security.Cryptography.CryptoStream.ReadAsyncCore(Byte[] buffer, Int32 offset, Int32 count, CancellationToken cancellationToken, Boolean useAsync)
   at System.Security.Cryptography.CryptoStream.Read(Byte[] buffer, Int32 offset, Int32 count)
   at System.IO.Compression.DeflateStream.ReadCore(Span`1 buffer)
   at System.IO.Compression.DeflateStream.Read(Byte[] array, Int32 offset, Int32 count)
   at System.IO.Compression.GZipStream.Read(Byte[] array, Int32 offset, Int32 count)
   at System.IO.StreamReader.ReadBuffer(Span`1 userBuffer, Boolean& readToUserBuffer)
   at System.IO.StreamReader.ReadSpan(Span`1 buffer)
   at System.IO.StreamReader.Read(Char[] buffer, Int32 index, Int32 count)
   at Newtonsoft.Json.JsonTextReader.ReadData(Boolean append, Int32 charsRequired)
   at Newtonsoft.Json.JsonTextReader.ReadStringIntoBuffer(Char quote)
   at Newtonsoft.Json.JsonTextReader.ParseProperty()
   at Newtonsoft.Json.Serialization.JsonSerializerInternalReader.PopulateDictionary(IDictionary dictionary, JsonReader reader, JsonDictionaryContract contract, JsonProperty containerProperty, String id)
   at Newtonsoft.Json.Serialization.JsonSerializerInternalReader.CreateObject(JsonReader reader, Type objectType, JsonContract contract, JsonProperty member, JsonContainerContract containerContract, JsonProperty containerMember, Object existingValue)
   at Newtonsoft.Json.Serialization.JsonSerializerInternalReader.CreateValueInternal(JsonReader reader, Type objectType, JsonContract contract, JsonProperty member, JsonContainerContract containerContract, JsonProperty containerMember, Object existingValue)
   at Newtonsoft.Json.Serialization.JsonSerializerInternalReader.PopulateDictionary(IDictionary dictionary, JsonReader reader, JsonDictionaryContract contract, JsonProperty containerProperty, String id)
   at Newtonsoft.Json.Serialization.JsonSerializerInternalReader.CreateObject(JsonReader reader, Type objectType, JsonContract contract, JsonProperty member, JsonContainerContract containerContract, JsonProperty containerMember, Object existingValue)
   at Newtonsoft.Json.Serialization.JsonSerializerInternalReader.CreateValueInternal(JsonReader reader, Type objectType, JsonContract contract, JsonProperty member, JsonContainerContract containerContract, JsonProperty containerMember, Object existingValue)
   at Newtonsoft.Json.Serialization.JsonSerializerInternalReader.SetPropertyValue(JsonProperty property, JsonConverter propertyConverter, JsonContainerContract containerContract, JsonProperty containerProperty, JsonReader reader, Object target)
   at Newtonsoft.Json.Serialization.JsonSerializerInternalReader.PopulateObject(Object newObject, JsonReader reader, JsonObjectContract contract, JsonProperty member, String id)
   at Newtonsoft.Json.Serialization.JsonSerializerInternalReader.CreateObject(JsonReader reader, Type objectType, JsonContract contract, JsonProperty member, JsonContainerContract containerContract, JsonProperty containerMember, Object existingValue)
   at Newtonsoft.Json.Serialization.JsonSerializerInternalReader.CreateValueInternal(JsonReader reader, Type objectType, JsonContract contract, JsonProperty member, JsonContainerContract containerContract, JsonProperty containerMember, Object existingValue)
   at Newtonsoft.Json.Serialization.JsonSerializerInternalReader.Deserialize(JsonReader reader, Type objectType, Boolean checkAdditionalContent)
   at Newtonsoft.Json.JsonSerializer.DeserializeInternal(JsonReader reader, Type objectType)
   at Newtonsoft.Json.JsonSerializer.Deserialize[T](JsonReader reader)
   at Microsoft.VisualStudio.IntelliCode.SQL.PythiaModelLoader.LoadModelAsync(String modelPath, PythiaModel& sequenceModel)
   at Microsoft.VisualStudio.IntelliCode.SQL.PythiaService.<>c__DisplayClass6_0.<.ctor>b__0()
   at System.Threading.Tasks.Task.InnerInvoke()
   at System.Threading.ExecutionContext.RunFromThreadPoolDispatchLoop(Thread threadPoolThread, ExecutionContext executionContext, ContextCallback callback, Object state)
--- End of stack trace from previous location where exception was thrown ---
   at System.Threading.Tasks.Task.ExecuteWithThreadLocal(Task& currentTaskSlot, Thread threadPoolThread)
--- End of stack trace from previous location where exception was thrown ---
   at Microsoft.VisualStudio.IntelliCode.SQL.PythiaService.GetRecommendationsAsync(ConnectionInfo connInfo, ScriptDocumentInfo scriptDocumentInfo, CompletionItem[] completions, CancellationToken cancellationToken)
   at Microsoft.VisualStudio.IntelliCode.SQL.CompletionExtension.HandleCompletionAsync(ConnectionInfo connInfo, ScriptDocumentInfo scriptDocumentInfo, CompletionItem[] completions, CancellationToken token)
21-07-18 19:44:46.1387279 pid:14132 tid:11 sqltools Critical: 0 : Exception in IntelliCode extension for Microsoft SQL Language Server: System.Security.Cryptography.CryptographicException: The input data is not a complete block.
   at Internal.Cryptography.UniversalCryptoDecryptor.UncheckedTransformFinalBlock(Byte[] inputBuffer, Int32 inputOffset, Int32 inputCount)
   at Internal.Cryptography.UniversalCryptoTransform.TransformFinalBlock(Byte[] inputBuffer, Int32 inputOffset, Int32 inputCount)
   at System.Security.Cryptography.CryptoStream.ReadAsyncCore(Byte[] buffer, Int32 offset, Int32 count, CancellationToken cancellationToken, Boolean useAsync)
   at System.Security.Cryptography.CryptoStream.Read(Byte[] buffer, Int32 offset, Int32 count)
   at System.IO.Compression.DeflateStream.ReadCore(Span`1 buffer)
   at System.IO.Compression.DeflateStream.Read(Byte[] array, Int32 offset, Int32 count)
   at System.IO.Compression.GZipStream.Read(Byte[] array, Int32 offset, Int32 count)
   at System.IO.StreamReader.ReadBuffer(Span`1 userBuffer, Boolean& readToUserBuffer)
   at System.IO.StreamReader.ReadSpan(Span`1 buffer)
   at System.IO.StreamReader.Read(Char[] buffer, Int32 index, Int32 count)
   at Newtonsoft.Json.JsonTextReader.ReadData(Boolean append, Int32 charsRequired)
   at Newtonsoft.Json.JsonTextReader.ReadStringIntoBuffer(Char quote)
   at Newtonsoft.Json.JsonTextReader.ParseProperty()
   at Newtonsoft.Json.Serialization.JsonSerializerInternalReader.PopulateDictionary(IDictionary dictionary, JsonReader reader, JsonDictionaryContract contract, JsonProperty containerProperty, String id)
   at Newtonsoft.Json.Serialization.JsonSerializerInternalReader.CreateObject(JsonReader reader, Type objectType, JsonContract contract, JsonProperty member, JsonContainerContract containerContract, JsonProperty containerMember, Object existingValue)
   at Newtonsoft.Json.Serialization.JsonSerializerInternalReader.CreateValueInternal(JsonReader reader, Type objectType, JsonContract contract, JsonProperty member, JsonContainerContract containerContract, JsonProperty containerMember, Object existingValue)
   at Newtonsoft.Json.Serialization.JsonSerializerInternalReader.PopulateDictionary(IDictionary dictionary, JsonReader reader, JsonDictionaryContract contract, JsonProperty containerProperty, String id)
   at Newtonsoft.Json.Serialization.JsonSerializerInternalReader.CreateObject(JsonReader reader, Type objectType, JsonContract contract, JsonProperty member, JsonContainerContract containerContract, JsonProperty containerMember, Object existingValue)
   at Newtonsoft.Json.Serialization.JsonSerializerInternalReader.CreateValueInternal(JsonReader reader, Type objectType, JsonContract contract, JsonProperty member, JsonContainerContract containerContract, JsonProperty containerMember, Object existingValue)
   at Newtonsoft.Json.Serialization.JsonSerializerInternalReader.SetPropertyValue(JsonProperty property, JsonConverter propertyConverter, JsonContainerContract containerContract, JsonProperty containerProperty, JsonReader reader, Object target)
   at Newtonsoft.Json.Serialization.JsonSerializerInternalReader.PopulateObject(Object newObject, JsonReader reader, JsonObjectContract contract, JsonProperty member, String id)
   at Newtonsoft.Json.Serialization.JsonSerializerInternalReader.CreateObject(JsonReader reader, Type objectType, JsonContract contract, JsonProperty member, JsonContainerContract containerContract, JsonProperty containerMember, Object existingValue)
   at Newtonsoft.Json.Serialization.JsonSerializerInternalReader.CreateValueInternal(JsonReader reader, Type objectType, JsonContract contract, JsonProperty member, JsonContainerContract containerContract, JsonProperty containerMember, Object existingValue)
   at Newtonsoft.Json.Serialization.JsonSerializerInternalReader.Deserialize(JsonReader reader, Type objectType, Boolean checkAdditionalContent)
   at Newtonsoft.Json.JsonSerializer.DeserializeInternal(JsonReader reader, Type objectType)
   at Newtonsoft.Json.JsonSerializer.Deserialize[T](JsonReader reader)
   at Microsoft.VisualStudio.IntelliCode.SQL.PythiaModelLoader.LoadModelAsync(String modelPath, PythiaModel& sequenceModel)
   at Microsoft.VisualStudio.IntelliCode.SQL.PythiaService.<>c__DisplayClass6_0.<.ctor>b__0()
   at System.Threading.Tasks.Task.InnerInvoke()
   at System.Threading.ExecutionContext.RunFromThreadPoolDispatchLoop(Thread threadPoolThread, ExecutionContext executionContext, ContextCallback callback, Object state)
--- End of stack trace from previous location where exception was thrown ---
   at System.Threading.Tasks.Task.ExecuteWithThreadLocal(Task& currentTaskSlot, Thread threadPoolThread)
--- End of stack trace from previous location where exception was thrown ---
   at Microsoft.VisualStudio.IntelliCode.SQL.PythiaService.GetRecommendationsAsync(ConnectionInfo connInfo, ScriptDocumentInfo scriptDocumentInfo, CompletionItem[] completions, CancellationToken cancellationToken)
   at Microsoft.VisualStudio.IntelliCode.SQL.CompletionExtension.HandleCompletionAsync(ConnectionInfo connInfo, ScriptDocumentInfo scriptDocumentInfo, CompletionItem[] completions, CancellationToken token)
21-07-18 19:44:53.2418848 pid:14132 tid:11 sqltools Critical: 0 : Exception in IntelliCode extension for Microsoft SQL Language Server: System.Security.Cryptography.CryptographicException: The input data is not a complete block.
   at Internal.Cryptography.UniversalCryptoDecryptor.UncheckedTransformFinalBlock(Byte[] inputBuffer, Int32 inputOffset, Int32 inputCount)
   at Internal.Cryptography.UniversalCryptoTransform.TransformFinalBlock(Byte[] inputBuffer, Int32 inputOffset, Int32 inputCount)
   at System.Security.Cryptography.CryptoStream.ReadAsyncCore(Byte[] buffer, Int32 offset, Int32 count, CancellationToken cancellationToken, Boolean useAsync)
   at System.Security.Cryptography.CryptoStream.Read(Byte[] buffer, Int32 offset, Int32 count)
   at System.IO.Compression.DeflateStream.ReadCore(Span`1 buffer)
   at System.IO.Compression.DeflateStream.Read(Byte[] array, Int32 offset, Int32 count)
   at System.IO.Compression.GZipStream.Read(Byte[] array, Int32 offset, Int32 count)
   at System.IO.StreamReader.ReadBuffer(Span`1 userBuffer, Boolean& readToUserBuffer)
   at System.IO.StreamReader.ReadSpan(Span`1 buffer)
   at System.IO.StreamReader.Read(Char[] buffer, Int32 index, Int32 count)
   at Newtonsoft.Json.JsonTextReader.ReadData(Boolean append, Int32 charsRequired)
   at Newtonsoft.Json.JsonTextReader.ReadStringIntoBuffer(Char quote)
   at Newtonsoft.Json.JsonTextReader.ParseProperty()
   at Newtonsoft.Json.Serialization.JsonSerializerInternalReader.PopulateDictionary(IDictionary dictionary, JsonReader reader, JsonDictionaryContract contract, JsonProperty containerProperty, String id)
   at Newtonsoft.Json.Serialization.JsonSerializerInternalReader.CreateObject(JsonReader reader, Type objectType, JsonContract contract, JsonProperty member, JsonContainerContract containerContract, JsonProperty containerMember, Object existingValue)
   at Newtonsoft.Json.Serialization.JsonSerializerInternalReader.CreateValueInternal(JsonReader reader, Type objectType, JsonContract contract, JsonProperty member, JsonContainerContract containerContract, JsonProperty containerMember, Object existingValue)
   at Newtonsoft.Json.Serialization.JsonSerializerInternalReader.PopulateDictionary(IDictionary dictionary, JsonReader reader, JsonDictionaryContract contract, JsonProperty containerProperty, String id)
   at Newtonsoft.Json.Serialization.JsonSerializerInternalReader.CreateObject(JsonReader reader, Type objectType, JsonContract contract, JsonProperty member, JsonContainerContract containerContract, JsonProperty containerMember, Object existingValue)
   at Newtonsoft.Json.Serialization.JsonSerializerInternalReader.CreateValueInternal(JsonReader reader, Type objectType, JsonContract contract, JsonProperty member, JsonContainerContract containerContract, JsonProperty containerMember, Object existingValue)
   at Newtonsoft.Json.Serialization.JsonSerializerInternalReader.SetPropertyValue(JsonProperty property, JsonConverter propertyConverter, JsonContainerContract containerContract, JsonProperty containerProperty, JsonReader reader, Object target)
   at Newtonsoft.Json.Serialization.JsonSerializerInternalReader.PopulateObject(Object newObject, JsonReader reader, JsonObjectContract contract, JsonProperty member, String id)
   at Newtonsoft.Json.Serialization.JsonSerializerInternalReader.CreateObject(JsonReader reader, Type objectType, JsonContract contract, JsonProperty member, JsonContainerContract containerContract, JsonProperty containerMember, Object existingValue)
   at Newtonsoft.Json.Serialization.JsonSerializerInternalReader.CreateValueInternal(JsonReader reader, Type objectType, JsonContract contract, JsonProperty member, JsonContainerContract containerContract, JsonProperty containerMember, Object existingValue)
   at Newtonsoft.Json.Serialization.JsonSerializerInternalReader.Deserialize(JsonReader reader, Type objectType, Boolean checkAdditionalContent)
   at Newtonsoft.Json.JsonSerializer.DeserializeInternal(JsonReader reader, Type objectType)
   at Newtonsoft.Json.JsonSerializer.Deserialize[T](JsonReader reader)
   at Microsoft.VisualStudio.IntelliCode.SQL.PythiaModelLoader.LoadModelAsync(String modelPath, PythiaModel& sequenceModel)
   at Microsoft.VisualStudio.IntelliCode.SQL.PythiaService.<>c__DisplayClass6_0.<.ctor>b__0()
   at System.Threading.Tasks.Task.InnerInvoke()
   at System.Threading.ExecutionContext.RunFromThreadPoolDispatchLoop(Thread threadPoolThread, ExecutionContext executionContext, ContextCallback callback, Object state)
--- End of stack trace from previous location where exception was thrown ---
   at System.Threading.Tasks.Task.ExecuteWithThreadLocal(Task& currentTaskSlot, Thread threadPoolThread)
--- End of stack trace from previous location where exception was thrown ---
   at Microsoft.VisualStudio.IntelliCode.SQL.PythiaService.GetRecommendationsAsync(ConnectionInfo connInfo, ScriptDocumentInfo scriptDocumentInfo, CompletionItem[] completions, CancellationToken cancellationToken)
   at Microsoft.VisualStudio.IntelliCode.SQL.CompletionExtension.HandleCompletionAsync(ConnectionInfo connInfo, ScriptDocumentInfo scriptDocumentInfo, CompletionItem[] completions, CancellationToken token)
21-07-18 19:44:56.4380983 pid:14132 tid:11 sqltools Critical: 0 : Exception in IntelliCode extension for Microsoft SQL Language Server: System.Security.Cryptography.CryptographicException: The input data is not a complete block.
   at Internal.Cryptography.UniversalCryptoDecryptor.UncheckedTransformFinalBlock(Byte[] inputBuffer, Int32 inputOffset, Int32 inputCount)
   at Internal.Cryptography.UniversalCryptoTransform.TransformFinalBlock(Byte[] inputBuffer, Int32 inputOffset, Int32 inputCount)
   at System.Security.Cryptography.CryptoStream.ReadAsyncCore(Byte[] buffer, Int32 offset, Int32 count, CancellationToken cancellationToken, Boolean useAsync)
   at System.Security.Cryptography.CryptoStream.Read(Byte[] buffer, Int32 offset, Int32 count)
   at System.IO.Compression.DeflateStream.ReadCore(Span`1 buffer)
   at System.IO.Compression.DeflateStream.Read(Byte[] array, Int32 offset, Int32 count)
   at System.IO.Compression.GZipStream.Read(Byte[] array, Int32 offset, Int32 count)
   at System.IO.StreamReader.ReadBuffer(Span`1 userBuffer, Boolean& readToUserBuffer)
   at System.IO.StreamReader.ReadSpan(Span`1 buffer)
   at System.IO.StreamReader.Read(Char[] buffer, Int32 index, Int32 count)
   at Newtonsoft.Json.JsonTextReader.ReadData(Boolean append, Int32 charsRequired)
   at Newtonsoft.Json.JsonTextReader.ReadStringIntoBuffer(Char quote)
   at Newtonsoft.Json.JsonTextReader.ParseProperty()
   at Newtonsoft.Json.Serialization.JsonSerializerInternalReader.PopulateDictionary(IDictionary dictionary, JsonReader reader, JsonDictionaryContract contract, JsonProperty containerProperty, String id)
   at Newtonsoft.Json.Serialization.JsonSerializerInternalReader.CreateObject(JsonReader reader, Type objectType, JsonContract contract, JsonProperty member, JsonContainerContract containerContract, JsonProperty containerMember, Object existingValue)
   at Newtonsoft.Json.Serialization.JsonSerializerInternalReader.CreateValueInternal(JsonReader reader, Type objectType, JsonContract contract, JsonProperty member, JsonContainerContract containerContract, JsonProperty containerMember, Object existingValue)
   at Newtonsoft.Json.Serialization.JsonSerializerInternalReader.PopulateDictionary(IDictionary dictionary, JsonReader reader, JsonDictionaryContract contract, JsonProperty containerProperty, String id)
   at Newtonsoft.Json.Serialization.JsonSerializerInternalReader.CreateObject(JsonReader reader, Type objectType, JsonContract contract, JsonProperty member, JsonContainerContract containerContract, JsonProperty containerMember, Object existingValue)
   at Newtonsoft.Json.Serialization.JsonSerializerInternalReader.CreateValueInternal(JsonReader reader, Type objectType, JsonContract contract, JsonProperty member, JsonContainerContract containerContract, JsonProperty containerMember, Object existingValue)
   at Newtonsoft.Json.Serialization.JsonSerializerInternalReader.SetPropertyValue(JsonProperty property, JsonConverter propertyConverter, JsonContainerContract containerContract, JsonProperty containerProperty, JsonReader reader, Object target)
   at Newtonsoft.Json.Serialization.JsonSerializerInternalReader.PopulateObject(Object newObject, JsonReader reader, JsonObjectContract contract, JsonProperty member, String id)
   at Newtonsoft.Json.Serialization.JsonSerializerInternalReader.CreateObject(JsonReader reader, Type objectType, JsonContract contract, JsonProperty member, JsonContainerContract containerContract, JsonProperty containerMember, Object existingValue)
   at Newtonsoft.Json.Serialization.JsonSerializerInternalReader.CreateValueInternal(JsonReader reader, Type objectType, JsonContract contract, JsonProperty member, JsonContainerContract containerContract, JsonProperty containerMember, Object existingValue)
   at Newtonsoft.Json.Serialization.JsonSerializerInternalReader.Deserialize(JsonReader reader, Type objectType, Boolean checkAdditionalContent)
   at Newtonsoft.Json.JsonSerializer.DeserializeInternal(JsonReader reader, Type objectType)
   at Newtonsoft.Json.JsonSerializer.Deserialize[T](JsonReader reader)
   at Microsoft.VisualStudio.IntelliCode.SQL.PythiaModelLoader.LoadModelAsync(String modelPath, PythiaModel& sequenceModel)
   at Microsoft.VisualStudio.IntelliCode.SQL.PythiaService.<>c__DisplayClass6_0.<.ctor>b__0()
   at System.Threading.Tasks.Task.InnerInvoke()
   at System.Threading.ExecutionContext.RunFromThreadPoolDispatchLoop(Thread threadPoolThread, ExecutionContext executionContext, ContextCallback callback, Object state)
--- End of stack trace from previous location where exception was thrown ---
   at System.Threading.Tasks.Task.ExecuteWithThreadLocal(Task& currentTaskSlot, Thread threadPoolThread)
--- End of stack trace from previous location where exception was thrown ---
   at Microsoft.VisualStudio.IntelliCode.SQL.PythiaService.GetRecommendationsAsync(ConnectionInfo connInfo, ScriptDocumentInfo scriptDocumentInfo, CompletionItem[] completions, CancellationToken cancellationToken)
   at Microsoft.VisualStudio.IntelliCode.SQL.CompletionExtension.HandleCompletionAsync(ConnectionInfo connInfo, ScriptDocumentInfo scriptDocumentInfo, CompletionItem[] completions, CancellationToken token)
21-07-18 19:44:58.4908334 pid:14132 tid:11 sqltools Critical: 0 : Exception in IntelliCode extension for Microsoft SQL Language Server: System.Security.Cryptography.CryptographicException: The input data is not a complete block.
   at Internal.Cryptography.UniversalCryptoDecryptor.UncheckedTransformFinalBlock(Byte[] inputBuffer, Int32 inputOffset, Int32 inputCount)
   at Internal.Cryptography.UniversalCryptoTransform.TransformFinalBlock(Byte[] inputBuffer, Int32 inputOffset, Int32 inputCount)
   at System.Security.Cryptography.CryptoStream.ReadAsyncCore(Byte[] buffer, Int32 offset, Int32 count, CancellationToken cancellationToken, Boolean useAsync)
   at System.Security.Cryptography.CryptoStream.Read(Byte[] buffer, Int32 offset, Int32 count)
   at System.IO.Compression.DeflateStream.ReadCore(Span`1 buffer)
   at System.IO.Compression.DeflateStream.Read(Byte[] array, Int32 offset, Int32 count)
   at System.IO.Compression.GZipStream.Read(Byte[] array, Int32 offset, Int32 count)
   at System.IO.StreamReader.ReadBuffer(Span`1 userBuffer, Boolean& readToUserBuffer)
   at System.IO.StreamReader.ReadSpan(Span`1 buffer)
   at System.IO.StreamReader.Read(Char[] buffer, Int32 index, Int32 count)
   at Newtonsoft.Json.JsonTextReader.ReadData(Boolean append, Int32 charsRequired)
   at Newtonsoft.Json.JsonTextReader.ReadStringIntoBuffer(Char quote)
   at Newtonsoft.Json.JsonTextReader.ParseProperty()
   at Newtonsoft.Json.Serialization.JsonSerializerInternalReader.PopulateDictionary(IDictionary dictionary, JsonReader reader, JsonDictionaryContract contract, JsonProperty containerProperty, String id)
   at Newtonsoft.Json.Serialization.JsonSerializerInternalReader.CreateObject(JsonReader reader, Type objectType, JsonContract contract, JsonProperty member, JsonContainerContract containerContract, JsonProperty containerMember, Object existingValue)
   at Newtonsoft.Json.Serialization.JsonSerializerInternalReader.CreateValueInternal(JsonReader reader, Type objectType, JsonContract contract, JsonProperty member, JsonContainerContract containerContract, JsonProperty containerMember, Object existingValue)
   at Newtonsoft.Json.Serialization.JsonSerializerInternalReader.PopulateDictionary(IDictionary dictionary, JsonReader reader, JsonDictionaryContract contract, JsonProperty containerProperty, String id)
   at Newtonsoft.Json.Serialization.JsonSerializerInternalReader.CreateObject(JsonReader reader, Type objectType, JsonContract contract, JsonProperty member, JsonContainerContract containerContract, JsonProperty containerMember, Object existingValue)
   at Newtonsoft.Json.Serialization.JsonSerializerInternalReader.CreateValueInternal(JsonReader reader, Type objectType, JsonContract contract, JsonProperty member, JsonContainerContract containerContract, JsonProperty containerMember, Object existingValue)
   at Newtonsoft.Json.Serialization.JsonSerializerInternalReader.SetPropertyValue(JsonProperty property, JsonConverter propertyConverter, JsonContainerContract containerContract, JsonProperty containerProperty, JsonReader reader, Object target)
   at Newtonsoft.Json.Serialization.JsonSerializerInternalReader.PopulateObject(Object newObject, JsonReader reader, JsonObjectContract contract, JsonProperty member, String id)
   at Newtonsoft.Json.Serialization.JsonSerializerInternalReader.CreateObject(JsonReader reader, Type objectType, JsonContract contract, JsonProperty member, JsonContainerContract containerContract, JsonProperty containerMember, Object existingValue)
   at Newtonsoft.Json.Serialization.JsonSerializerInternalReader.CreateValueInternal(JsonReader reader, Type objectType, JsonContract contract, JsonProperty member, JsonContainerContract containerContract, JsonProperty containerMember, Object existingValue)
   at Newtonsoft.Json.Serialization.JsonSerializerInternalReader.Deserialize(JsonReader reader, Type objectType, Boolean checkAdditionalContent)
   at Newtonsoft.Json.JsonSerializer.DeserializeInternal(JsonReader reader, Type objectType)
   at Newtonsoft.Json.JsonSerializer.Deserialize[T](JsonReader reader)
   at Microsoft.VisualStudio.IntelliCode.SQL.PythiaModelLoader.LoadModelAsync(String modelPath, PythiaModel& sequenceModel)
   at Microsoft.VisualStudio.IntelliCode.SQL.PythiaService.<>c__DisplayClass6_0.<.ctor>b__0()
   at System.Threading.Tasks.Task.InnerInvoke()
   at System.Threading.ExecutionContext.RunFromThreadPoolDispatchLoop(Thread threadPoolThread, ExecutionContext executionContext, ContextCallback callback, Object state)
--- End of stack trace from previous location where exception was thrown ---
   at System.Threading.Tasks.Task.ExecuteWithThreadLocal(Task& currentTaskSlot, Thread threadPoolThread)
--- End of stack trace from previous location where exception was thrown ---
   at Microsoft.VisualStudio.IntelliCode.SQL.PythiaService.GetRecommendationsAsync(ConnectionInfo connInfo, ScriptDocumentInfo scriptDocumentInfo, CompletionItem[] completions, CancellationToken cancellationToken)
   at Microsoft.VisualStudio.IntelliCode.SQL.CompletionExtension.HandleCompletionAsync(ConnectionInfo connInfo, ScriptDocumentInfo scriptDocumentInfo, CompletionItem[] completions, CancellationToken token)
21-07-18 23:42:06.7101482 pid:14132 tid:11 sqltools Critical: 0 : Exception in IntelliCode extension for Microsoft SQL Language Server: System.Security.Cryptography.CryptographicException: The input data is not a complete block.
   at Internal.Cryptography.UniversalCryptoDecryptor.UncheckedTransformFinalBlock(Byte[] inputBuffer, Int32 inputOffset, Int32 inputCount)
   at Internal.Cryptography.UniversalCryptoTransform.TransformFinalBlock(Byte[] inputBuffer, Int32 inputOffset, Int32 inputCount)
   at System.Security.Cryptography.CryptoStream.ReadAsyncCore(Byte[] buffer, Int32 offset, Int32 count, CancellationToken cancellationToken, Boolean useAsync)
   at System.Security.Cryptography.CryptoStream.Read(Byte[] buffer, Int32 offset, Int32 count)
   at System.IO.Compression.DeflateStream.ReadCore(Span`1 buffer)
   at System.IO.Compression.DeflateStream.Read(Byte[] array, Int32 offset, Int32 count)
   at System.IO.Compression.GZipStream.Read(Byte[] array, Int32 offset, Int32 count)
   at System.IO.StreamReader.ReadBuffer(Span`1 userBuffer, Boolean& readToUserBuffer)
   at System.IO.StreamReader.ReadSpan(Span`1 buffer)
   at System.IO.StreamReader.Read(Char[] buffer, Int32 index, Int32 count)
   at Newtonsoft.Json.JsonTextReader.ReadData(Boolean append, Int32 charsRequired)
   at Newtonsoft.Json.JsonTextReader.ReadStringIntoBuffer(Char quote)
   at Newtonsoft.Json.JsonTextReader.ParseProperty()
   at Newtonsoft.Json.Serialization.JsonSerializerInternalReader.PopulateDictionary(IDictionary dictionary, JsonReader reader, JsonDictionaryContract contract, JsonProperty containerProperty, String id)
   at Newtonsoft.Json.Serialization.JsonSerializerInternalReader.CreateObject(JsonReader reader, Type objectType, JsonContract contract, JsonProperty member, JsonContainerContract containerContract, JsonProperty containerMember, Object existingValue)
   at Newtonsoft.Json.Serialization.JsonSerializerInternalReader.CreateValueInternal(JsonReader reader, Type objectType, JsonContract contract, JsonProperty member, JsonContainerContract containerContract, JsonProperty containerMember, Object existingValue)
   at Newtonsoft.Json.Serialization.JsonSerializerInternalReader.PopulateDictionary(IDictionary dictionary, JsonReader reader, JsonDictionaryContract contract, JsonProperty containerProperty, String id)
   at Newtonsoft.Json.Serialization.JsonSerializerInternalReader.CreateObject(JsonReader reader, Type objectType, JsonContract contract, JsonProperty member, JsonContainerContract containerContract, JsonProperty containerMember, Object existingValue)
   at Newtonsoft.Json.Serialization.JsonSerializerInternalReader.CreateValueInternal(JsonReader reader, Type objectType, JsonContract contract, JsonProperty member, JsonContainerContract containerContract, JsonProperty containerMember, Object existingValue)
   at Newtonsoft.Json.Serialization.JsonSerializerInternalReader.SetPropertyValue(JsonProperty property, JsonConverter propertyConverter, JsonContainerContract containerContract, JsonProperty containerProperty, JsonReader reader, Object target)
   at Newtonsoft.Json.Serialization.JsonSerializerInternalReader.PopulateObject(Object newObject, JsonReader reader, JsonObjectContract contract, JsonProperty member, String id)
   at Newtonsoft.Json.Serialization.JsonSerializerInternalReader.CreateObject(JsonReader reader, Type objectType, JsonContract contract, JsonProperty member, JsonContainerContract containerContract, JsonProperty containerMember, Object existingValue)
   at Newtonsoft.Json.Serialization.JsonSerializerInternalReader.CreateValueInternal(JsonReader reader, Type objectType, JsonContract contract, JsonProperty member, JsonContainerContract containerContract, JsonProperty containerMember, Object existingValue)
   at Newtonsoft.Json.Serialization.JsonSerializerInternalReader.Deserialize(JsonReader reader, Type objectType, Boolean checkAdditionalContent)
   at Newtonsoft.Json.JsonSerializer.DeserializeInternal(JsonReader reader, Type objectType)
   at Newtonsoft.Json.JsonSerializer.Deserialize[T](JsonReader reader)
   at Microsoft.VisualStudio.IntelliCode.SQL.PythiaModelLoader.LoadModelAsync(String modelPath, PythiaModel& sequenceModel)
   at Microsoft.VisualStudio.IntelliCode.SQL.PythiaService.<>c__DisplayClass6_0.<.ctor>b__0()
   at System.Threading.Tasks.Task.InnerInvoke()
   at System.Threading.ExecutionContext.RunFromThreadPoolDispatchLoop(Thread threadPoolThread, ExecutionContext executionContext, ContextCallback callback, Object state)
--- End of stack trace from previous location where exception was thrown ---
   at System.Threading.Tasks.Task.ExecuteWithThreadLocal(Task& currentTaskSlot, Thread threadPoolThread)
--- End of stack trace from previous location where exception was thrown ---
   at Microsoft.VisualStudio.IntelliCode.SQL.PythiaService.GetRecommendationsAsync(ConnectionInfo connInfo, ScriptDocumentInfo scriptDocumentInfo, CompletionItem[] completions, CancellationToken cancellationToken)
   at Microsoft.VisualStudio.IntelliCode.SQL.CompletionExtension.HandleCompletionAsync(ConnectionInfo connInfo, ScriptDocumentInfo scriptDocumentInfo, CompletionItem[] completions, CancellationToken token)
21-07-18 23:42:13.0283303 pid:14132 tid:11 sqltools Critical: 0 : Exception in IntelliCode extension for Microsoft SQL Language Server: System.Security.Cryptography.CryptographicException: The input data is not a complete block.
   at Internal.Cryptography.UniversalCryptoDecryptor.UncheckedTransformFinalBlock(Byte[] inputBuffer, Int32 inputOffset, Int32 inputCount)
   at Internal.Cryptography.UniversalCryptoTransform.TransformFinalBlock(Byte[] inputBuffer, Int32 inputOffset, Int32 inputCount)
   at System.Security.Cryptography.CryptoStream.ReadAsyncCore(Byte[] buffer, Int32 offset, Int32 count, CancellationToken cancellationToken, Boolean useAsync)
   at System.Security.Cryptography.CryptoStream.Read(Byte[] buffer, Int32 offset, Int32 count)
   at System.IO.Compression.DeflateStream.ReadCore(Span`1 buffer)
   at System.IO.Compression.DeflateStream.Read(Byte[] array, Int32 offset, Int32 count)
   at System.IO.Compression.GZipStream.Read(Byte[] array, Int32 offset, Int32 count)
   at System.IO.StreamReader.ReadBuffer(Span`1 userBuffer, Boolean& readToUserBuffer)
   at System.IO.StreamReader.ReadSpan(Span`1 buffer)
   at System.IO.StreamReader.Read(Char[] buffer, Int32 index, Int32 count)
   at Newtonsoft.Json.JsonTextReader.ReadData(Boolean append, Int32 charsRequired)
   at Newtonsoft.Json.JsonTextReader.ReadStringIntoBuffer(Char quote)
   at Newtonsoft.Json.JsonTextReader.ParseProperty()
   at Newtonsoft.Json.Serialization.JsonSerializerInternalReader.PopulateDictionary(IDictionary dictionary, JsonReader reader, JsonDictionaryContract contract, JsonProperty containerProperty, String id)
   at Newtonsoft.Json.Serialization.JsonSerializerInternalReader.CreateObject(JsonReader reader, Type objectType, JsonContract contract, JsonProperty member, JsonContainerContract containerContract, JsonProperty containerMember, Object existingValue)
   at Newtonsoft.Json.Serialization.JsonSerializerInternalReader.CreateValueInternal(JsonReader reader, Type objectType, JsonContract contract, JsonProperty member, JsonContainerContract containerContract, JsonProperty containerMember, Object existingValue)
   at Newtonsoft.Json.Serialization.JsonSerializerInternalReader.PopulateDictionary(IDictionary dictionary, JsonReader reader, JsonDictionaryContract contract, JsonProperty containerProperty, String id)
   at Newtonsoft.Json.Serialization.JsonSerializerInternalReader.CreateObject(JsonReader reader, Type objectType, JsonContract contract, JsonProperty member, JsonContainerContract containerContract, JsonProperty containerMember, Object existingValue)
   at Newtonsoft.Json.Serialization.JsonSerializerInternalReader.CreateValueInternal(JsonReader reader, Type objectType, JsonContract contract, JsonProperty member, JsonContainerContract containerContract, JsonProperty containerMember, Object existingValue)
   at Newtonsoft.Json.Serialization.JsonSerializerInternalReader.SetPropertyValue(JsonProperty property, JsonConverter propertyConverter, JsonContainerContract containerContract, JsonProperty containerProperty, JsonReader reader, Object target)
   at Newtonsoft.Json.Serialization.JsonSerializerInternalReader.PopulateObject(Object newObject, JsonReader reader, JsonObjectContract contract, JsonProperty member, String id)
   at Newtonsoft.Json.Serialization.JsonSerializerInternalReader.CreateObject(JsonReader reader, Type objectType, JsonContract contract, JsonProperty member, JsonContainerContract containerContract, JsonProperty containerMember, Object existingValue)
   at Newtonsoft.Json.Serialization.JsonSerializerInternalReader.CreateValueInternal(JsonReader reader, Type objectType, JsonContract contract, JsonProperty member, JsonContainerContract containerContract, JsonProperty containerMember, Object existingValue)
   at Newtonsoft.Json.Serialization.JsonSerializerInternalReader.Deserialize(JsonReader reader, Type objectType, Boolean checkAdditionalContent)
   at Newtonsoft.Json.JsonSerializer.DeserializeInternal(JsonReader reader, Type objectType)
   at Newtonsoft.Json.JsonSerializer.Deserialize[T](JsonReader reader)
   at Microsoft.VisualStudio.IntelliCode.SQL.PythiaModelLoader.LoadModelAsync(String modelPath, PythiaModel& sequenceModel)
   at Microsoft.VisualStudio.IntelliCode.SQL.PythiaService.<>c__DisplayClass6_0.<.ctor>b__0()
   at System.Threading.Tasks.Task.InnerInvoke()
   at System.Threading.ExecutionContext.RunFromThreadPoolDispatchLoop(Thread threadPoolThread, ExecutionContext executionContext, ContextCallback callback, Object state)
--- End of stack trace from previous location where exception was thrown ---
   at System.Threading.Tasks.Task.ExecuteWithThreadLocal(Task& currentTaskSlot, Thread threadPoolThread)
--- End of stack trace from previous location where exception was thrown ---
   at Microsoft.VisualStudio.IntelliCode.SQL.PythiaService.GetRecommendationsAsync(ConnectionInfo connInfo, ScriptDocumentInfo scriptDocumentInfo, CompletionItem[] completions, CancellationToken cancellationToken)
   at Microsoft.VisualStudio.IntelliCode.SQL.CompletionExtension.HandleCompletionAsync(ConnectionInfo connInfo, ScriptDocumentInfo scriptDocumentInfo, CompletionItem[] completions, CancellationToken token)
21-07-18 23:42:13.2362982 pid:14132 tid:11 sqltools Critical: 0 : Exception in IntelliCode extension for Microsoft SQL Language Server: System.Security.Cryptography.CryptographicException: The input data is not a complete block.
   at Internal.Cryptography.UniversalCryptoDecryptor.UncheckedTransformFinalBlock(Byte[] inputBuffer, Int32 inputOffset, Int32 inputCount)
   at Internal.Cryptography.UniversalCryptoTransform.TransformFinalBlock(Byte[] inputBuffer, Int32 inputOffset, Int32 inputCount)
   at System.Security.Cryptography.CryptoStream.ReadAsyncCore(Byte[] buffer, Int32 offset, Int32 count, CancellationToken cancellationToken, Boolean useAsync)
   at System.Security.Cryptography.CryptoStream.Read(Byte[] buffer, Int32 offset, Int32 count)
   at System.IO.Compression.DeflateStream.ReadCore(Span`1 buffer)
   at System.IO.Compression.DeflateStream.Read(Byte[] array, Int32 offset, Int32 count)
   at System.IO.Compression.GZipStream.Read(Byte[] array, Int32 offset, Int32 count)
   at System.IO.StreamReader.ReadBuffer(Span`1 userBuffer, Boolean& readToUserBuffer)
   at System.IO.StreamReader.ReadSpan(Span`1 buffer)
   at System.IO.StreamReader.Read(Char[] buffer, Int32 index, Int32 count)
   at Newtonsoft.Json.JsonTextReader.ReadData(Boolean append, Int32 charsRequired)
   at Newtonsoft.Json.JsonTextReader.ReadStringIntoBuffer(Char quote)
   at Newtonsoft.Json.JsonTextReader.ParseProperty()
   at Newtonsoft.Json.Serialization.JsonSerializerInternalReader.PopulateDictionary(IDictionary dictionary, JsonReader reader, JsonDictionaryContract contract, JsonProperty containerProperty, String id)
   at Newtonsoft.Json.Serialization.JsonSerializerInternalReader.CreateObject(JsonReader reader, Type objectType, JsonContract contract, JsonProperty member, JsonContainerContract containerContract, JsonProperty containerMember, Object existingValue)
   at Newtonsoft.Json.Serialization.JsonSerializerInternalReader.CreateValueInternal(JsonReader reader, Type objectType, JsonContract contract, JsonProperty member, JsonContainerContract containerContract, JsonProperty containerMember, Object existingValue)
   at Newtonsoft.Json.Serialization.JsonSerializerInternalReader.PopulateDictionary(IDictionary dictionary, JsonReader reader, JsonDictionaryContract contract, JsonProperty containerProperty, String id)
   at Newtonsoft.Json.Serialization.JsonSerializerInternalReader.CreateObject(JsonReader reader, Type objectType, JsonContract contract, JsonProperty member, JsonContainerContract containerContract, JsonProperty containerMember, Object existingValue)
   at Newtonsoft.Json.Serialization.JsonSerializerInternalReader.CreateValueInternal(JsonReader reader, Type objectType, JsonContract contract, JsonProperty member, JsonContainerContract containerContract, JsonProperty containerMember, Object existingValue)
   at Newtonsoft.Json.Serialization.JsonSerializerInternalReader.SetPropertyValue(JsonProperty property, JsonConverter propertyConverter, JsonContainerContract containerContract, JsonProperty containerProperty, JsonReader reader, Object target)
   at Newtonsoft.Json.Serialization.JsonSerializerInternalReader.PopulateObject(Object newObject, JsonReader reader, JsonObjectContract contract, JsonProperty member, String id)
   at Newtonsoft.Json.Serialization.JsonSerializerInternalReader.CreateObject(JsonReader reader, Type objectType, JsonContract contract, JsonProperty member, JsonContainerContract containerContract, JsonProperty containerMember, Object existingValue)
   at Newtonsoft.Json.Serialization.JsonSerializerInternalReader.CreateValueInternal(JsonReader reader, Type objectType, JsonContract contract, JsonProperty member, JsonContainerContract containerContract, JsonProperty containerMember, Object existingValue)
   at Newtonsoft.Json.Serialization.JsonSerializerInternalReader.Deserialize(JsonReader reader, Type objectType, Boolean checkAdditionalContent)
   at Newtonsoft.Json.JsonSerializer.DeserializeInternal(JsonReader reader, Type objectType)
   at Newtonsoft.Json.JsonSerializer.Deserialize[T](JsonReader reader)
   at Microsoft.VisualStudio.IntelliCode.SQL.PythiaModelLoader.LoadModelAsync(String modelPath, PythiaModel& sequenceModel)
   at Microsoft.VisualStudio.IntelliCode.SQL.PythiaService.<>c__DisplayClass6_0.<.ctor>b__0()
   at System.Threading.Tasks.Task.InnerInvoke()
   at System.Threading.ExecutionContext.RunFromThreadPoolDispatchLoop(Thread threadPoolThread, ExecutionContext executionContext, ContextCallback callback, Object state)
--- End of stack trace from previous location where exception was thrown ---
   at System.Threading.Tasks.Task.ExecuteWithThreadLocal(Task& currentTaskSlot, Thread threadPoolThread)
--- End of stack trace from previous location where exception was thrown ---
   at Microsoft.VisualStudio.IntelliCode.SQL.PythiaService.GetRecommendationsAsync(ConnectionInfo connInfo, ScriptDocumentInfo scriptDocumentInfo, CompletionItem[] completions, CancellationToken cancellationToken)
   at Microsoft.VisualStudio.IntelliCode.SQL.CompletionExtension.HandleCompletionAsync(ConnectionInfo connInfo, ScriptDocumentInfo scriptDocumentInfo, CompletionItem[] completions, CancellationToken token)
21-07-18 23:42:13.7014668 pid:14132 tid:11 sqltools Critical: 0 : Exception in IntelliCode extension for Microsoft SQL Language Server: System.Security.Cryptography.CryptographicException: The input data is not a complete block.
   at Internal.Cryptography.UniversalCryptoDecryptor.UncheckedTransformFinalBlock(Byte[] inputBuffer, Int32 inputOffset, Int32 inputCount)
   at Internal.Cryptography.UniversalCryptoTransform.TransformFinalBlock(Byte[] inputBuffer, Int32 inputOffset, Int32 inputCount)
   at System.Security.Cryptography.CryptoStream.ReadAsyncCore(Byte[] buffer, Int32 offset, Int32 count, CancellationToken cancellationToken, Boolean useAsync)
   at System.Security.Cryptography.CryptoStream.Read(Byte[] buffer, Int32 offset, Int32 count)
   at System.IO.Compression.DeflateStream.ReadCore(Span`1 buffer)
   at System.IO.Compression.DeflateStream.Read(Byte[] array, Int32 offset, Int32 count)
   at System.IO.Compression.GZipStream.Read(Byte[] array, Int32 offset, Int32 count)
   at System.IO.StreamReader.ReadBuffer(Span`1 userBuffer, Boolean& readToUserBuffer)
   at System.IO.StreamReader.ReadSpan(Span`1 buffer)
   at System.IO.StreamReader.Read(Char[] buffer, Int32 index, Int32 count)
   at Newtonsoft.Json.JsonTextReader.ReadData(Boolean append, Int32 charsRequired)
   at Newtonsoft.Json.JsonTextReader.ReadStringIntoBuffer(Char quote)
   at Newtonsoft.Json.JsonTextReader.ParseProperty()
   at Newtonsoft.Json.Serialization.JsonSerializerInternalReader.PopulateDictionary(IDictionary dictionary, JsonReader reader, JsonDictionaryContract contract, JsonProperty containerProperty, String id)
   at Newtonsoft.Json.Serialization.JsonSerializerInternalReader.CreateObject(JsonReader reader, Type objectType, JsonContract contract, JsonProperty member, JsonContainerContract containerContract, JsonProperty containerMember, Object existingValue)
   at Newtonsoft.Json.Serialization.JsonSerializerInternalReader.CreateValueInternal(JsonReader reader, Type objectType, JsonContract contract, JsonProperty member, JsonContainerContract containerContract, JsonProperty containerMember, Object existingValue)
   at Newtonsoft.Json.Serialization.JsonSerializerInternalReader.PopulateDictionary(IDictionary dictionary, JsonReader reader, JsonDictionaryContract contract, JsonProperty containerProperty, String id)
   at Newtonsoft.Json.Serialization.JsonSerializerInternalReader.CreateObject(JsonReader reader, Type objectType, JsonContract contract, JsonProperty member, JsonContainerContract containerContract, JsonProperty containerMember, Object existingValue)
   at Newtonsoft.Json.Serialization.JsonSerializerInternalReader.CreateValueInternal(JsonReader reader, Type objectType, JsonContract contract, JsonProperty member, JsonContainerContract containerContract, JsonProperty containerMember, Object existingValue)
   at Newtonsoft.Json.Serialization.JsonSerializerInternalReader.SetPropertyValue(JsonProperty property, JsonConverter propertyConverter, JsonContainerContract containerContract, JsonProperty containerProperty, JsonReader reader, Object target)
   at Newtonsoft.Json.Serialization.JsonSerializerInternalReader.PopulateObject(Object newObject, JsonReader reader, JsonObjectContract contract, JsonProperty member, String id)
   at Newtonsoft.Json.Serialization.JsonSerializerInternalReader.CreateObject(JsonReader reader, Type objectType, JsonContract contract, JsonProperty member, JsonContainerContract containerContract, JsonProperty containerMember, Object existingValue)
   at Newtonsoft.Json.Serialization.JsonSerializerInternalReader.CreateValueInternal(JsonReader reader, Type objectType, JsonContract contract, JsonProperty member, JsonContainerContract containerContract, JsonProperty containerMember, Object existingValue)
   at Newtonsoft.Json.Serialization.JsonSerializerInternalReader.Deserialize(JsonReader reader, Type objectType, Boolean checkAdditionalContent)
   at Newtonsoft.Json.JsonSerializer.DeserializeInternal(JsonReader reader, Type objectType)
   at Newtonsoft.Json.JsonSerializer.Deserialize[T](JsonReader reader)
   at Microsoft.VisualStudio.IntelliCode.SQL.PythiaModelLoader.LoadModelAsync(String modelPath, PythiaModel& sequenceModel)
   at Microsoft.VisualStudio.IntelliCode.SQL.PythiaService.<>c__DisplayClass6_0.<.ctor>b__0()
   at System.Threading.Tasks.Task.InnerInvoke()
   at System.Threading.ExecutionContext.RunFromThreadPoolDispatchLoop(Thread threadPoolThread, ExecutionContext executionContext, ContextCallback callback, Object state)
--- End of stack trace from previous location where exception was thrown ---
   at System.Threading.Tasks.Task.ExecuteWithThreadLocal(Task& currentTaskSlot, Thread threadPoolThread)
--- End of stack trace from previous location where exception was thrown ---
   at Microsoft.VisualStudio.IntelliCode.SQL.PythiaService.GetRecommendationsAsync(ConnectionInfo connInfo, ScriptDocumentInfo scriptDocumentInfo, CompletionItem[] completions, CancellationToken cancellationToken)
   at Microsoft.VisualStudio.IntelliCode.SQL.CompletionExtension.HandleCompletionAsync(ConnectionInfo connInfo, ScriptDocumentInfo scriptDocumentInfo, CompletionItem[] completions, CancellationToken token)
21-07-18 23:42:14.0898077 pid:14132 tid:11 sqltools Critical: 0 : Exception in IntelliCode extension for Microsoft SQL Language Server: System.Security.Cryptography.CryptographicException: The input data is not a complete block.
   at Internal.Cryptography.UniversalCryptoDecryptor.UncheckedTransformFinalBlock(Byte[] inputBuffer, Int32 inputOffset, Int32 inputCount)
   at Internal.Cryptography.UniversalCryptoTransform.TransformFinalBlock(Byte[] inputBuffer, Int32 inputOffset, Int32 inputCount)
   at System.Security.Cryptography.CryptoStream.ReadAsyncCore(Byte[] buffer, Int32 offset, Int32 count, CancellationToken cancellationToken, Boolean useAsync)
   at System.Security.Cryptography.CryptoStream.Read(Byte[] buffer, Int32 offset, Int32 count)
   at System.IO.Compression.DeflateStream.ReadCore(Span`1 buffer)
   at System.IO.Compression.DeflateStream.Read(Byte[] array, Int32 offset, Int32 count)
   at System.IO.Compression.GZipStream.Read(Byte[] array, Int32 offset, Int32 count)
   at System.IO.StreamReader.ReadBuffer(Span`1 userBuffer, Boolean& readToUserBuffer)
   at System.IO.StreamReader.ReadSpan(Span`1 buffer)
   at System.IO.StreamReader.Read(Char[] buffer, Int32 index, Int32 count)
   at Newtonsoft.Json.JsonTextReader.ReadData(Boolean append, Int32 charsRequired)
   at Newtonsoft.Json.JsonTextReader.ReadStringIntoBuffer(Char quote)
   at Newtonsoft.Json.JsonTextReader.ParseProperty()
   at Newtonsoft.Json.Serialization.JsonSerializerInternalReader.PopulateDictionary(IDictionary dictionary, JsonReader reader, JsonDictionaryContract contract, JsonProperty containerProperty, String id)
   at Newtonsoft.Json.Serialization.JsonSerializerInternalReader.CreateObject(JsonReader reader, Type objectType, JsonContract contract, JsonProperty member, JsonContainerContract containerContract, JsonProperty containerMember, Object existingValue)
   at Newtonsoft.Json.Serialization.JsonSerializerInternalReader.CreateValueInternal(JsonReader reader, Type objectType, JsonContract contract, JsonProperty member, JsonContainerContract containerContract, JsonProperty containerMember, Object existingValue)
   at Newtonsoft.Json.Serialization.JsonSerializerInternalReader.PopulateDictionary(IDictionary dictionary, JsonReader reader, JsonDictionaryContract contract, JsonProperty containerProperty, String id)
   at Newtonsoft.Json.Serialization.JsonSerializerInternalReader.CreateObject(JsonReader reader, Type objectType, JsonContract contract, JsonProperty member, JsonContainerContract containerContract, JsonProperty containerMember, Object existingValue)
   at Newtonsoft.Json.Serialization.JsonSerializerInternalReader.CreateValueInternal(JsonReader reader, Type objectType, JsonContract contract, JsonProperty member, JsonContainerContract containerContract, JsonProperty containerMember, Object existingValue)
   at Newtonsoft.Json.Serialization.JsonSerializerInternalReader.SetPropertyValue(JsonProperty property, JsonConverter propertyConverter, JsonContainerContract containerContract, JsonProperty containerProperty, JsonReader reader, Object target)
   at Newtonsoft.Json.Serialization.JsonSerializerInternalReader.PopulateObject(Object newObject, JsonReader reader, JsonObjectContract contract, JsonProperty member, String id)
   at Newtonsoft.Json.Serialization.JsonSerializerInternalReader.CreateObject(JsonReader reader, Type objectType, JsonContract contract, JsonProperty member, JsonContainerContract containerContract, JsonProperty containerMember, Object existingValue)
   at Newtonsoft.Json.Serialization.JsonSerializerInternalReader.CreateValueInternal(JsonReader reader, Type objectType, JsonContract contract, JsonProperty member, JsonContainerContract containerContract, JsonProperty containerMember, Object existingValue)
   at Newtonsoft.Json.Serialization.JsonSerializerInternalReader.Deserialize(JsonReader reader, Type objectType, Boolean checkAdditionalContent)
   at Newtonsoft.Json.JsonSerializer.DeserializeInternal(JsonReader reader, Type objectType)
   at Newtonsoft.Json.JsonSerializer.Deserialize[T](JsonReader reader)
   at Microsoft.VisualStudio.IntelliCode.SQL.PythiaModelLoader.LoadModelAsync(String modelPath, PythiaModel& sequenceModel)
   at Microsoft.VisualStudio.IntelliCode.SQL.PythiaService.<>c__DisplayClass6_0.<.ctor>b__0()
   at System.Threading.Tasks.Task.InnerInvoke()
   at System.Threading.ExecutionContext.RunFromThreadPoolDispatchLoop(Thread threadPoolThread, ExecutionContext executionContext, ContextCallback callback, Object state)
--- End of stack trace from previous location where exception was thrown ---
   at System.Threading.Tasks.Task.ExecuteWithThreadLocal(Task& currentTaskSlot, Thread threadPoolThread)
--- End of stack trace from previous location where exception was thrown ---
   at Microsoft.VisualStudio.IntelliCode.SQL.PythiaService.GetRecommendationsAsync(ConnectionInfo connInfo, ScriptDocumentInfo scriptDocumentInfo, CompletionItem[] completions, CancellationToken cancellationToken)
   at Microsoft.VisualStudio.IntelliCode.SQL.CompletionExtension.HandleCompletionAsync(ConnectionInfo connInfo, ScriptDocumentInfo scriptDocumentInfo, CompletionItem[] completions, CancellationToken token)
21-07-18 23:42:18.3201721 pid:14132 tid:11 sqltools Critical: 0 : Exception in IntelliCode extension for Microsoft SQL Language Server: System.Security.Cryptography.CryptographicException: The input data is not a complete block.
   at Internal.Cryptography.UniversalCryptoDecryptor.UncheckedTransformFinalBlock(Byte[] inputBuffer, Int32 inputOffset, Int32 inputCount)
   at Internal.Cryptography.UniversalCryptoTransform.TransformFinalBlock(Byte[] inputBuffer, Int32 inputOffset, Int32 inputCount)
   at System.Security.Cryptography.CryptoStream.ReadAsyncCore(Byte[] buffer, Int32 offset, Int32 count, CancellationToken cancellationToken, Boolean useAsync)
   at System.Security.Cryptography.CryptoStream.Read(Byte[] buffer, Int32 offset, Int32 count)
   at System.IO.Compression.DeflateStream.ReadCore(Span`1 buffer)
   at System.IO.Compression.DeflateStream.Read(Byte[] array, Int32 offset, Int32 count)
   at System.IO.Compression.GZipStream.Read(Byte[] array, Int32 offset, Int32 count)
   at System.IO.StreamReader.ReadBuffer(Span`1 userBuffer, Boolean& readToUserBuffer)
   at System.IO.StreamReader.ReadSpan(Span`1 buffer)
   at System.IO.StreamReader.Read(Char[] buffer, Int32 index, Int32 count)
   at Newtonsoft.Json.JsonTextReader.ReadData(Boolean append, Int32 charsRequired)
   at Newtonsoft.Json.JsonTextReader.ReadStringIntoBuffer(Char quote)
   at Newtonsoft.Json.JsonTextReader.ParseProperty()
   at Newtonsoft.Json.Serialization.JsonSerializerInternalReader.PopulateDictionary(IDictionary dictionary, JsonReader reader, JsonDictionaryContract contract, JsonProperty containerProperty, String id)
   at Newtonsoft.Json.Serialization.JsonSerializerInternalReader.CreateObject(JsonReader reader, Type objectType, JsonContract contract, JsonProperty member, JsonContainerContract containerContract, JsonProperty containerMember, Object existingValue)
   at Newtonsoft.Json.Serialization.JsonSerializerInternalReader.CreateValueInternal(JsonReader reader, Type objectType, JsonContract contract, JsonProperty member, JsonContainerContract containerContract, JsonProperty containerMember, Object existingValue)
   at Newtonsoft.Json.Serialization.JsonSerializerInternalReader.PopulateDictionary(IDictionary dictionary, JsonReader reader, JsonDictionaryContract contract, JsonProperty containerProperty, String id)
   at Newtonsoft.Json.Serialization.JsonSerializerInternalReader.CreateObject(JsonReader reader, Type objectType, JsonContract contract, JsonProperty member, JsonContainerContract containerContract, JsonProperty containerMember, Object existingValue)
   at Newtonsoft.Json.Serialization.JsonSerializerInternalReader.CreateValueInternal(JsonReader reader, Type objectType, JsonContract contract, JsonProperty member, JsonContainerContract containerContract, JsonProperty containerMember, Object existingValue)
   at Newtonsoft.Json.Serialization.JsonSerializerInternalReader.SetPropertyValue(JsonProperty property, JsonConverter propertyConverter, JsonContainerContract containerContract, JsonProperty containerProperty, JsonReader reader, Object target)
   at Newtonsoft.Json.Serialization.JsonSerializerInternalReader.PopulateObject(Object newObject, JsonReader reader, JsonObjectContract contract, JsonProperty member, String id)
   at Newtonsoft.Json.Serialization.JsonSerializerInternalReader.CreateObject(JsonReader reader, Type objectType, JsonContract contract, JsonProperty member, JsonContainerContract containerContract, JsonProperty containerMember, Object existingValue)
   at Newtonsoft.Json.Serialization.JsonSerializerInternalReader.CreateValueInternal(JsonReader reader, Type objectType, JsonContract contract, JsonProperty member, JsonContainerContract containerContract, JsonProperty containerMember, Object existingValue)
   at Newtonsoft.Json.Serialization.JsonSerializerInternalReader.Deserialize(JsonReader reader, Type objectType, Boolean checkAdditionalContent)
   at Newtonsoft.Json.JsonSerializer.DeserializeInternal(JsonReader reader, Type objectType)
   at Newtonsoft.Json.JsonSerializer.Deserialize[T](JsonReader reader)
   at Microsoft.VisualStudio.IntelliCode.SQL.PythiaModelLoader.LoadModelAsync(String modelPath, PythiaModel& sequenceModel)
   at Microsoft.VisualStudio.IntelliCode.SQL.PythiaService.<>c__DisplayClass6_0.<.ctor>b__0()
   at System.Threading.Tasks.Task.InnerInvoke()
   at System.Threading.ExecutionContext.RunFromThreadPoolDispatchLoop(Thread threadPoolThread, ExecutionContext executionContext, ContextCallback callback, Object state)
--- End of stack trace from previous location where exception was thrown ---
   at System.Threading.Tasks.Task.ExecuteWithThreadLocal(Task& currentTaskSlot, Thread threadPoolThread)
--- End of stack trace from previous location where exception was thrown ---
   at Microsoft.VisualStudio.IntelliCode.SQL.PythiaService.GetRecommendationsAsync(ConnectionInfo connInfo, ScriptDocumentInfo scriptDocumentInfo, CompletionItem[] completions, CancellationToken cancellationToken)
   at Microsoft.VisualStudio.IntelliCode.SQL.CompletionExtension.HandleCompletionAsync(ConnectionInfo connInfo, ScriptDocumentInfo scriptDocumentInfo, CompletionItem[] completions, CancellationToken token)
21-07-18 23:42:18.7549020 pid:14132 tid:11 sqltools Critical: 0 : Exception in IntelliCode extension for Microsoft SQL Language Server: System.Security.Cryptography.CryptographicException: The input data is not a complete block.
   at Internal.Cryptography.UniversalCryptoDecryptor.UncheckedTransformFinalBlock(Byte[] inputBuffer, Int32 inputOffset, Int32 inputCount)
   at Internal.Cryptography.UniversalCryptoTransform.TransformFinalBlock(Byte[] inputBuffer, Int32 inputOffset, Int32 inputCount)
   at System.Security.Cryptography.CryptoStream.ReadAsyncCore(Byte[] buffer, Int32 offset, Int32 count, CancellationToken cancellationToken, Boolean useAsync)
   at System.Security.Cryptography.CryptoStream.Read(Byte[] buffer, Int32 offset, Int32 count)
   at System.IO.Compression.DeflateStream.ReadCore(Span`1 buffer)
   at System.IO.Compression.DeflateStream.Read(Byte[] array, Int32 offset, Int32 count)
   at System.IO.Compression.GZipStream.Read(Byte[] array, Int32 offset, Int32 count)
   at System.IO.StreamReader.ReadBuffer(Span`1 userBuffer, Boolean& readToUserBuffer)
   at System.IO.StreamReader.ReadSpan(Span`1 buffer)
   at System.IO.StreamReader.Read(Char[] buffer, Int32 index, Int32 count)
   at Newtonsoft.Json.JsonTextReader.ReadData(Boolean append, Int32 charsRequired)
   at Newtonsoft.Json.JsonTextReader.ReadStringIntoBuffer(Char quote)
   at Newtonsoft.Json.JsonTextReader.ParseProperty()
   at Newtonsoft.Json.Serialization.JsonSerializerInternalReader.PopulateDictionary(IDictionary dictionary, JsonReader reader, JsonDictionaryContract contract, JsonProperty containerProperty, String id)
   at Newtonsoft.Json.Serialization.JsonSerializerInternalReader.CreateObject(JsonReader reader, Type objectType, JsonContract contract, JsonProperty member, JsonContainerContract containerContract, JsonProperty containerMember, Object existingValue)
   at Newtonsoft.Json.Serialization.JsonSerializerInternalReader.CreateValueInternal(JsonReader reader, Type objectType, JsonContract contract, JsonProperty member, JsonContainerContract containerContract, JsonProperty containerMember, Object existingValue)
   at Newtonsoft.Json.Serialization.JsonSerializerInternalReader.PopulateDictionary(IDictionary dictionary, JsonReader reader, JsonDictionaryContract contract, JsonProperty containerProperty, String id)
   at Newtonsoft.Json.Serialization.JsonSerializerInternalReader.CreateObject(JsonReader reader, Type objectType, JsonContract contract, JsonProperty member, JsonContainerContract containerContract, JsonProperty containerMember, Object existingValue)
   at Newtonsoft.Json.Serialization.JsonSerializerInternalReader.CreateValueInternal(JsonReader reader, Type objectType, JsonContract contract, JsonProperty member, JsonContainerContract containerContract, JsonProperty containerMember, Object existingValue)
   at Newtonsoft.Json.Serialization.JsonSerializerInternalReader.SetPropertyValue(JsonProperty property, JsonConverter propertyConverter, JsonContainerContract containerContract, JsonProperty containerProperty, JsonReader reader, Object target)
   at Newtonsoft.Json.Serialization.JsonSerializerInternalReader.PopulateObject(Object newObject, JsonReader reader, JsonObjectContract contract, JsonProperty member, String id)
   at Newtonsoft.Json.Serialization.JsonSerializerInternalReader.CreateObject(JsonReader reader, Type objectType, JsonContract contract, JsonProperty member, JsonContainerContract containerContract, JsonProperty containerMember, Object existingValue)
   at Newtonsoft.Json.Serialization.JsonSerializerInternalReader.CreateValueInternal(JsonReader reader, Type objectType, JsonContract contract, JsonProperty member, JsonContainerContract containerContract, JsonProperty containerMember, Object existingValue)
   at Newtonsoft.Json.Serialization.JsonSerializerInternalReader.Deserialize(JsonReader reader, Type objectType, Boolean checkAdditionalContent)
   at Newtonsoft.Json.JsonSerializer.DeserializeInternal(JsonReader reader, Type objectType)
   at Newtonsoft.Json.JsonSerializer.Deserialize[T](JsonReader reader)
   at Microsoft.VisualStudio.IntelliCode.SQL.PythiaModelLoader.LoadModelAsync(String modelPath, PythiaModel& sequenceModel)
   at Microsoft.VisualStudio.IntelliCode.SQL.PythiaService.<>c__DisplayClass6_0.<.ctor>b__0()
   at System.Threading.Tasks.Task.InnerInvoke()
   at System.Threading.ExecutionContext.RunFromThreadPoolDispatchLoop(Thread threadPoolThread, ExecutionContext executionContext, ContextCallback callback, Object state)
--- End of stack trace from previous location where exception was thrown ---
   at System.Threading.Tasks.Task.ExecuteWithThreadLocal(Task& currentTaskSlot, Thread threadPoolThread)
--- End of stack trace from previous location where exception was thrown ---
   at Microsoft.VisualStudio.IntelliCode.SQL.PythiaService.GetRecommendationsAsync(ConnectionInfo connInfo, ScriptDocumentInfo scriptDocumentInfo, CompletionItem[] completions, CancellationToken cancellationToken)
   at Microsoft.VisualStudio.IntelliCode.SQL.CompletionExtension.HandleCompletionAsync(ConnectionInfo connInfo, ScriptDocumentInfo scriptDocumentInfo, CompletionItem[] completions, CancellationToken token)
21-07-18 23:42:19.0010945 pid:14132 tid:11 sqltools Critical: 0 : Exception in IntelliCode extension for Microsoft SQL Language Server: System.Security.Cryptography.CryptographicException: The input data is not a complete block.
   at Internal.Cryptography.UniversalCryptoDecryptor.UncheckedTransformFinalBlock(Byte[] inputBuffer, Int32 inputOffset, Int32 inputCount)
   at Internal.Cryptography.UniversalCryptoTransform.TransformFinalBlock(Byte[] inputBuffer, Int32 inputOffset, Int32 inputCount)
   at System.Security.Cryptography.CryptoStream.ReadAsyncCore(Byte[] buffer, Int32 offset, Int32 count, CancellationToken cancellationToken, Boolean useAsync)
   at System.Security.Cryptography.CryptoStream.Read(Byte[] buffer, Int32 offset, Int32 count)
   at System.IO.Compression.DeflateStream.ReadCore(Span`1 buffer)
   at System.IO.Compression.DeflateStream.Read(Byte[] array, Int32 offset, Int32 count)
   at System.IO.Compression.GZipStream.Read(Byte[] array, Int32 offset, Int32 count)
   at System.IO.StreamReader.ReadBuffer(Span`1 userBuffer, Boolean& readToUserBuffer)
   at System.IO.StreamReader.ReadSpan(Span`1 buffer)
   at System.IO.StreamReader.Read(Char[] buffer, Int32 index, Int32 count)
   at Newtonsoft.Json.JsonTextReader.ReadData(Boolean append, Int32 charsRequired)
   at Newtonsoft.Json.JsonTextReader.ReadStringIntoBuffer(Char quote)
   at Newtonsoft.Json.JsonTextReader.ParseProperty()
   at Newtonsoft.Json.Serialization.JsonSerializerInternalReader.PopulateDictionary(IDictionary dictionary, JsonReader reader, JsonDictionaryContract contract, JsonProperty containerProperty, String id)
   at Newtonsoft.Json.Serialization.JsonSerializerInternalReader.CreateObject(JsonReader reader, Type objectType, JsonContract contract, JsonProperty member, JsonContainerContract containerContract, JsonProperty containerMember, Object existingValue)
   at Newtonsoft.Json.Serialization.JsonSerializerInternalReader.CreateValueInternal(JsonReader reader, Type objectType, JsonContract contract, JsonProperty member, JsonContainerContract containerContract, JsonProperty containerMember, Object existingValue)
   at Newtonsoft.Json.Serialization.JsonSerializerInternalReader.PopulateDictionary(IDictionary dictionary, JsonReader reader, JsonDictionaryContract contract, JsonProperty containerProperty, String id)
   at Newtonsoft.Json.Serialization.JsonSerializerInternalReader.CreateObject(JsonReader reader, Type objectType, JsonContract contract, JsonProperty member, JsonContainerContract containerContract, JsonProperty containerMember, Object existingValue)
   at Newtonsoft.Json.Serialization.JsonSerializerInternalReader.CreateValueInternal(JsonReader reader, Type objectType, JsonContract contract, JsonProperty member, JsonContainerContract containerContract, JsonProperty containerMember, Object existingValue)
   at Newtonsoft.Json.Serialization.JsonSerializerInternalReader.SetPropertyValue(JsonProperty property, JsonConverter propertyConverter, JsonContainerContract containerContract, JsonProperty containerProperty, JsonReader reader, Object target)
   at Newtonsoft.Json.Serialization.JsonSerializerInternalReader.PopulateObject(Object newObject, JsonReader reader, JsonObjectContract contract, JsonProperty member, String id)
   at Newtonsoft.Json.Serialization.JsonSerializerInternalReader.CreateObject(JsonReader reader, Type objectType, JsonContract contract, JsonProperty member, JsonContainerContract containerContract, JsonProperty containerMember, Object existingValue)
   at Newtonsoft.Json.Serialization.JsonSerializerInternalReader.CreateValueInternal(JsonReader reader, Type objectType, JsonContract contract, JsonProperty member, JsonContainerContract containerContract, JsonProperty containerMember, Object existingValue)
   at Newtonsoft.Json.Serialization.JsonSerializerInternalReader.Deserialize(JsonReader reader, Type objectType, Boolean checkAdditionalContent)
   at Newtonsoft.Json.JsonSerializer.DeserializeInternal(JsonReader reader, Type objectType)
   at Newtonsoft.Json.JsonSerializer.Deserialize[T](JsonReader reader)
   at Microsoft.VisualStudio.IntelliCode.SQL.PythiaModelLoader.LoadModelAsync(String modelPath, PythiaModel& sequenceModel)
   at Microsoft.VisualStudio.IntelliCode.SQL.PythiaService.<>c__DisplayClass6_0.<.ctor>b__0()
   at System.Threading.Tasks.Task.InnerInvoke()
   at System.Threading.ExecutionContext.RunFromThreadPoolDispatchLoop(Thread threadPoolThread, ExecutionContext executionContext, ContextCallback callback, Object state)
--- End of stack trace from previous location where exception was thrown ---
   at System.Threading.Tasks.Task.ExecuteWithThreadLocal(Task& currentTaskSlot, Thread threadPoolThread)
--- End of stack trace from previous location where exception was thrown ---
   at Microsoft.VisualStudio.IntelliCode.SQL.PythiaService.GetRecommendationsAsync(ConnectionInfo connInfo, ScriptDocumentInfo scriptDocumentInfo, CompletionItem[] completions, CancellationToken cancellationToken)
   at Microsoft.VisualStudio.IntelliCode.SQL.CompletionExtension.HandleCompletionAsync(ConnectionInfo connInfo, ScriptDocumentInfo scriptDocumentInfo, CompletionItem[] completions, CancellationToken token)
21-07-18 23:42:23.0360275 pid:14132 tid:11 sqltools Critical: 0 : Exception in IntelliCode extension for Microsoft SQL Language Server: System.Security.Cryptography.CryptographicException: The input data is not a complete block.
   at Internal.Cryptography.UniversalCryptoDecryptor.UncheckedTransformFinalBlock(Byte[] inputBuffer, Int32 inputOffset, Int32 inputCount)
   at Internal.Cryptography.UniversalCryptoTransform.TransformFinalBlock(Byte[] inputBuffer, Int32 inputOffset, Int32 inputCount)
   at System.Security.Cryptography.CryptoStream.ReadAsyncCore(Byte[] buffer, Int32 offset, Int32 count, CancellationToken cancellationToken, Boolean useAsync)
   at System.Security.Cryptography.CryptoStream.Read(Byte[] buffer, Int32 offset, Int32 count)
   at System.IO.Compression.DeflateStream.ReadCore(Span`1 buffer)
   at System.IO.Compression.DeflateStream.Read(Byte[] array, Int32 offset, Int32 count)
   at System.IO.Compression.GZipStream.Read(Byte[] array, Int32 offset, Int32 count)
   at System.IO.StreamReader.ReadBuffer(Span`1 userBuffer, Boolean& readToUserBuffer)
   at System.IO.StreamReader.ReadSpan(Span`1 buffer)
   at System.IO.StreamReader.Read(Char[] buffer, Int32 index, Int32 count)
   at Newtonsoft.Json.JsonTextReader.ReadData(Boolean append, Int32 charsRequired)
   at Newtonsoft.Json.JsonTextReader.ReadStringIntoBuffer(Char quote)
   at Newtonsoft.Json.JsonTextReader.ParseProperty()
   at Newtonsoft.Json.Serialization.JsonSerializerInternalReader.PopulateDictionary(IDictionary dictionary, JsonReader reader, JsonDictionaryContract contract, JsonProperty containerProperty, String id)
   at Newtonsoft.Json.Serialization.JsonSerializerInternalReader.CreateObject(JsonReader reader, Type objectType, JsonContract contract, JsonProperty member, JsonContainerContract containerContract, JsonProperty containerMember, Object existingValue)
   at Newtonsoft.Json.Serialization.JsonSerializerInternalReader.CreateValueInternal(JsonReader reader, Type objectType, JsonContract contract, JsonProperty member, JsonContainerContract containerContract, JsonProperty containerMember, Object existingValue)
   at Newtonsoft.Json.Serialization.JsonSerializerInternalReader.PopulateDictionary(IDictionary dictionary, JsonReader reader, JsonDictionaryContract contract, JsonProperty containerProperty, String id)
   at Newtonsoft.Json.Serialization.JsonSerializerInternalReader.CreateObject(JsonReader reader, Type objectType, JsonContract contract, JsonProperty member, JsonContainerContract containerContract, JsonProperty containerMember, Object existingValue)
   at Newtonsoft.Json.Serialization.JsonSerializerInternalReader.CreateValueInternal(JsonReader reader, Type objectType, JsonContract contract, JsonProperty member, JsonContainerContract containerContract, JsonProperty containerMember, Object existingValue)
   at Newtonsoft.Json.Serialization.JsonSerializerInternalReader.SetPropertyValue(JsonProperty property, JsonConverter propertyConverter, JsonContainerContract containerContract, JsonProperty containerProperty, JsonReader reader, Object target)
   at Newtonsoft.Json.Serialization.JsonSerializerInternalReader.PopulateObject(Object newObject, JsonReader reader, JsonObjectContract contract, JsonProperty member, String id)
   at Newtonsoft.Json.Serialization.JsonSerializerInternalReader.CreateObject(JsonReader reader, Type objectType, JsonContract contract, JsonProperty member, JsonContainerContract containerContract, JsonProperty containerMember, Object existingValue)
   at Newtonsoft.Json.Serialization.JsonSerializerInternalReader.CreateValueInternal(JsonReader reader, Type objectType, JsonContract contract, JsonProperty member, JsonContainerContract containerContract, JsonProperty containerMember, Object existingValue)
   at Newtonsoft.Json.Serialization.JsonSerializerInternalReader.Deserialize(JsonReader reader, Type objectType, Boolean checkAdditionalContent)
   at Newtonsoft.Json.JsonSerializer.DeserializeInternal(JsonReader reader, Type objectType)
   at Newtonsoft.Json.JsonSerializer.Deserialize[T](JsonReader reader)
   at Microsoft.VisualStudio.IntelliCode.SQL.PythiaModelLoader.LoadModelAsync(String modelPath, PythiaModel& sequenceModel)
   at Microsoft.VisualStudio.IntelliCode.SQL.PythiaService.<>c__DisplayClass6_0.<.ctor>b__0()
   at System.Threading.Tasks.Task.InnerInvoke()
   at System.Threading.ExecutionContext.RunFromThreadPoolDispatchLoop(Thread threadPoolThread, ExecutionContext executionContext, ContextCallback callback, Object state)
--- End of stack trace from previous location where exception was thrown ---
   at System.Threading.Tasks.Task.ExecuteWithThreadLocal(Task& currentTaskSlot, Thread threadPoolThread)
--- End of stack trace from previous location where exception was thrown ---
   at Microsoft.VisualStudio.IntelliCode.SQL.PythiaService.GetRecommendationsAsync(ConnectionInfo connInfo, ScriptDocumentInfo scriptDocumentInfo, CompletionItem[] completions, CancellationToken cancellationToken)
   at Microsoft.VisualStudio.IntelliCode.SQL.CompletionExtension.HandleCompletionAsync(ConnectionInfo connInfo, ScriptDocumentInfo scriptDocumentInfo, CompletionItem[] completions, CancellationToken token)
21-07-18 23:42:23.2831834 pid:14132 tid:11 sqltools Critical: 0 : Exception in IntelliCode extension for Microsoft SQL Language Server: System.Security.Cryptography.CryptographicException: The input data is not a complete block.
   at Internal.Cryptography.UniversalCryptoDecryptor.UncheckedTransformFinalBlock(Byte[] inputBuffer, Int32 inputOffset, Int32 inputCount)
   at Internal.Cryptography.UniversalCryptoTransform.TransformFinalBlock(Byte[] inputBuffer, Int32 inputOffset, Int32 inputCount)
   at System.Security.Cryptography.CryptoStream.ReadAsyncCore(Byte[] buffer, Int32 offset, Int32 count, CancellationToken cancellationToken, Boolean useAsync)
   at System.Security.Cryptography.CryptoStream.Read(Byte[] buffer, Int32 offset, Int32 count)
   at System.IO.Compression.DeflateStream.ReadCore(Span`1 buffer)
   at System.IO.Compression.DeflateStream.Read(Byte[] array, Int32 offset, Int32 count)
   at System.IO.Compression.GZipStream.Read(Byte[] array, Int32 offset, Int32 count)
   at System.IO.StreamReader.ReadBuffer(Span`1 userBuffer, Boolean& readToUserBuffer)
   at System.IO.StreamReader.ReadSpan(Span`1 buffer)
   at System.IO.StreamReader.Read(Char[] buffer, Int32 index, Int32 count)
   at Newtonsoft.Json.JsonTextReader.ReadData(Boolean append, Int32 charsRequired)
   at Newtonsoft.Json.JsonTextReader.ReadStringIntoBuffer(Char quote)
   at Newtonsoft.Json.JsonTextReader.ParseProperty()
   at Newtonsoft.Json.Serialization.JsonSerializerInternalReader.PopulateDictionary(IDictionary dictionary, JsonReader reader, JsonDictionaryContract contract, JsonProperty containerProperty, String id)
   at Newtonsoft.Json.Serialization.JsonSerializerInternalReader.CreateObject(JsonReader reader, Type objectType, JsonContract contract, JsonProperty member, JsonContainerContract containerContract, JsonProperty containerMember, Object existingValue)
   at Newtonsoft.Json.Serialization.JsonSerializerInternalReader.CreateValueInternal(JsonReader reader, Type objectType, JsonContract contract, JsonProperty member, JsonContainerContract containerContract, JsonProperty containerMember, Object existingValue)
   at Newtonsoft.Json.Serialization.JsonSerializerInternalReader.PopulateDictionary(IDictionary dictionary, JsonReader reader, JsonDictionaryContract contract, JsonProperty containerProperty, String id)
   at Newtonsoft.Json.Serialization.JsonSerializerInternalReader.CreateObject(JsonReader reader, Type objectType, JsonContract contract, JsonProperty member, JsonContainerContract containerContract, JsonProperty containerMember, Object existingValue)
   at Newtonsoft.Json.Serialization.JsonSerializerInternalReader.CreateValueInternal(JsonReader reader, Type objectType, JsonContract contract, JsonProperty member, JsonContainerContract containerContract, JsonProperty containerMember, Object existingValue)
   at Newtonsoft.Json.Serialization.JsonSerializerInternalReader.SetPropertyValue(JsonProperty property, JsonConverter propertyConverter, JsonContainerContract containerContract, JsonProperty containerProperty, JsonReader reader, Object target)
   at Newtonsoft.Json.Serialization.JsonSerializerInternalReader.PopulateObject(Object newObject, JsonReader reader, JsonObjectContract contract, JsonProperty member, String id)
   at Newtonsoft.Json.Serialization.JsonSerializerInternalReader.CreateObject(JsonReader reader, Type objectType, JsonContract contract, JsonProperty member, JsonContainerContract containerContract, JsonProperty containerMember, Object existingValue)
   at Newtonsoft.Json.Serialization.JsonSerializerInternalReader.CreateValueInternal(JsonReader reader, Type objectType, JsonContract contract, JsonProperty member, JsonContainerContract containerContract, JsonProperty containerMember, Object existingValue)
   at Newtonsoft.Json.Serialization.JsonSerializerInternalReader.Deserialize(JsonReader reader, Type objectType, Boolean checkAdditionalContent)
   at Newtonsoft.Json.JsonSerializer.DeserializeInternal(JsonReader reader, Type objectType)
   at Newtonsoft.Json.JsonSerializer.Deserialize[T](JsonReader reader)
   at Microsoft.VisualStudio.IntelliCode.SQL.PythiaModelLoader.LoadModelAsync(String modelPath, PythiaModel& sequenceModel)
   at Microsoft.VisualStudio.IntelliCode.SQL.PythiaService.<>c__DisplayClass6_0.<.ctor>b__0()
   at System.Threading.Tasks.Task.InnerInvoke()
   at System.Threading.ExecutionContext.RunFromThreadPoolDispatchLoop(Thread threadPoolThread, ExecutionContext executionContext, ContextCallback callback, Object state)
--- End of stack trace from previous location where exception was thrown ---
   at System.Threading.Tasks.Task.ExecuteWithThreadLocal(Task& currentTaskSlot, Thread threadPoolThread)
--- End of stack trace from previous location where exception was thrown ---
   at Microsoft.VisualStudio.IntelliCode.SQL.PythiaService.GetRecommendationsAsync(ConnectionInfo connInfo, ScriptDocumentInfo scriptDocumentInfo, CompletionItem[] completions, CancellationToken cancellationToken)
   at Microsoft.VisualStudio.IntelliCode.SQL.CompletionExtension.HandleCompletionAsync(ConnectionInfo connInfo, ScriptDocumentInfo scriptDocumentInfo, CompletionItem[] completions, CancellationToken token)
21-07-18 23:42:23.4648932 pid:14132 tid:11 sqltools Critical: 0 : Exception in IntelliCode extension for Microsoft SQL Language Server: System.Security.Cryptography.CryptographicException: The input data is not a complete block.
   at Internal.Cryptography.UniversalCryptoDecryptor.UncheckedTransformFinalBlock(Byte[] inputBuffer, Int32 inputOffset, Int32 inputCount)
   at Internal.Cryptography.UniversalCryptoTransform.TransformFinalBlock(Byte[] inputBuffer, Int32 inputOffset, Int32 inputCount)
   at System.Security.Cryptography.CryptoStream.ReadAsyncCore(Byte[] buffer, Int32 offset, Int32 count, CancellationToken cancellationToken, Boolean useAsync)
   at System.Security.Cryptography.CryptoStream.Read(Byte[] buffer, Int32 offset, Int32 count)
   at System.IO.Compression.DeflateStream.ReadCore(Span`1 buffer)
   at System.IO.Compression.DeflateStream.Read(Byte[] array, Int32 offset, Int32 count)
   at System.IO.Compression.GZipStream.Read(Byte[] array, Int32 offset, Int32 count)
   at System.IO.StreamReader.ReadBuffer(Span`1 userBuffer, Boolean& readToUserBuffer)
   at System.IO.StreamReader.ReadSpan(Span`1 buffer)
   at System.IO.StreamReader.Read(Char[] buffer, Int32 index, Int32 count)
   at Newtonsoft.Json.JsonTextReader.ReadData(Boolean append, Int32 charsRequired)
   at Newtonsoft.Json.JsonTextReader.ReadStringIntoBuffer(Char quote)
   at Newtonsoft.Json.JsonTextReader.ParseProperty()
   at Newtonsoft.Json.Serialization.JsonSerializerInternalReader.PopulateDictionary(IDictionary dictionary, JsonReader reader, JsonDictionaryContract contract, JsonProperty containerProperty, String id)
   at Newtonsoft.Json.Serialization.JsonSerializerInternalReader.CreateObject(JsonReader reader, Type objectType, JsonContract contract, JsonProperty member, JsonContainerContract containerContract, JsonProperty containerMember, Object existingValue)
   at Newtonsoft.Json.Serialization.JsonSerializerInternalReader.CreateValueInternal(JsonReader reader, Type objectType, JsonContract contract, JsonProperty member, JsonContainerContract containerContract, JsonProperty containerMember, Object existingValue)
   at Newtonsoft.Json.Serialization.JsonSerializerInternalReader.PopulateDictionary(IDictionary dictionary, JsonReader reader, JsonDictionaryContract contract, JsonProperty containerProperty, String id)
   at Newtonsoft.Json.Serialization.JsonSerializerInternalReader.CreateObject(JsonReader reader, Type objectType, JsonContract contract, JsonProperty member, JsonContainerContract containerContract, JsonProperty containerMember, Object existingValue)
   at Newtonsoft.Json.Serialization.JsonSerializerInternalReader.CreateValueInternal(JsonReader reader, Type objectType, JsonContract contract, JsonProperty member, JsonContainerContract containerContract, JsonProperty containerMember, Object existingValue)
   at Newtonsoft.Json.Serialization.JsonSerializerInternalReader.SetPropertyValue(JsonProperty property, JsonConverter propertyConverter, JsonContainerContract containerContract, JsonProperty containerProperty, JsonReader reader, Object target)
   at Newtonsoft.Json.Serialization.JsonSerializerInternalReader.PopulateObject(Object newObject, JsonReader reader, JsonObjectContract contract, JsonProperty member, String id)
   at Newtonsoft.Json.Serialization.JsonSerializerInternalReader.CreateObject(JsonReader reader, Type objectType, JsonContract contract, JsonProperty member, JsonContainerContract containerContract, JsonProperty containerMember, Object